presentation/build/intermediates/manifest_merge_blame_file/debug/manifest-merger-blame-debug-report.txt
1<?xml version="1.0" encoding="utf-8"?>
2<manifest xmlns:android="http://schemas.android.com/apk/res/android"
3    package="com.davidg.candyspacetask"
4    android:versionCode="1"
5    android:versionName="1.0" >
6
7    <uses-sdk
8        android:minSdkVersion="21"
8-->src/main/AndroidManifest.xml
9        android:targetSdkVersion="30" />
9-->src/main/AndroidManifest.xml
10
11    <application>
11-->src/main/AndroidManifest.xml:5:5-14:19
12        <activity
12-->src/main/AndroidManifest.xml:6:9-13:20
13            android:name="com.davidg.candyspacetask.activities.MainActivity"
13-->src/main/AndroidManifest.xml:7:13-52
14            android:exported="true" >
14-->src/main/AndroidManifest.xml:8:13-36
15            <intent-filter>
15-->src/main/AndroidManifest.xml:9:13-12:29
16                <action android:name="android.intent.action.MAIN" />
16-->src/main/AndroidManifest.xml:10:17-69
16-->src/main/AndroidManifest.xml:10:25-66
17
18                <category android:name="android.intent.category.LAUNCHER" />
18-->src/main/AndroidManifest.xml:11:17-77
18-->src/main/AndroidManifest.xml:11:27-74
19            </intent-filter>
20        </activity>
21    </application>
22
23</manifest>